Sep-16 11:39:25.092 [main] DEBUG nextflow.cli.Launcher - $> nextflow kuberun ebenz99/Minikube-Helm -latest
Sep-16 11:39:25.324 [main] DEBUG nextflow.scm.RepositoryProvider - Request [credentials -:-] -> https://api.github.com/repos/ebenz99/Minikube-Helm/contents/nextflow.config
Sep-16 11:39:25.813 [main] DEBUG nextflow.config.ConfigBuilder - Found config local: /Users/ebensman/code/workspaces/minik/nextflow.config
Sep-16 11:39:25.814 [main] DEBUG nextflow.config.ConfigBuilder - User config file: nextflow.scm.ProviderPath@3c017078
Sep-16 11:39:25.814 [main] DEBUG nextflow.config.ConfigBuilder - Parsing config file: /Users/ebensman/code/workspaces/minik/nextflow.config
Sep-16 11:39:25.814 [main] DEBUG nextflow.config.ConfigBuilder - Parsing config file: /Users/ebensman/code/workspaces/minik/nextflow.config
Sep-16 11:39:25.833 [main] DEBUG nextflow.config.ConfigBuilder - Applying config profile: `standard`
Sep-16 11:39:26.191 [main] DEBUG nextflow.config.ConfigBuilder - Applying config profile: `standard`
Sep-16 11:39:26.305 [main] DEBUG nextflow.k8s.K8sConfig - Kubernetes workDir=/workspace/ebensman/work; projectDir=/workspace/projects; volumeClaims=[my-vol]
Sep-16 11:39:26.387 [main] DEBUG nextflow.cli.Launcher - Operation aborted
nextflow.exception.AbortOperationException: Unknown volume claim: my-vol -- make sure a persistent volume claim with the specified name is defined in your K8s cluster
	at nextflow.k8s.K8sConfig.checkStorageAndPaths(K8sConfig.groovy:215)
	at nextflow.k8s.K8sConfig$checkStorageAndPaths$0.call(Unknown Source)
	at org.codehaus.groovy.runtime.callsite.CallSiteArray.defaultCall(CallSiteArray.java:47)
	at org.codehaus.groovy.runtime.callsite.AbstractCallSite.call(AbstractCallSite.java:115)
	at org.codehaus.groovy.runtime.callsite.AbstractCallSite.call(AbstractCallSite.java:127)
	at nextflow.k8s.K8sDriverLauncher.run(K8sDriverLauncher.groovy:109)
	at nextflow.cli.CmdKubeRun.run(CmdKubeRun.groovy:68)
	at nextflow.cli.Launcher.run(Launcher.groovy:445)
	at nextflow.cli.Launcher.main(Launcher.groovy:622)
